<?xml version="1.0" encoding="UTF-8"?>
<!-- Generated by org.testng.reporters.JUnitReportReporter -->
<testsuite hostname="Aayush-Sharma" failures="0" tests="1" name="api.test.CityUserTaskValidationTest" time="3.526" errors="0" timestamp="2024-12-21T00:34:05 IST" skipped="0">
  <testcase classname="api.test.CityUserTaskValidationTest" name="validateUsersWithMoreThan50PercentCompletedTasks" time="3.526"/>
</testsuite> <!-- api.test.CityUserTaskValidationTest -->
