<?xml version="1.0" encoding="UTF-8"?>
<!-- Generated by org.testng.reporters.JUnitReportReporter -->
<testsuite hostname="Aayush-Sharma" failures="0" tests="1" name="api.test.CityUserTaskValidationTest" time="5.112" errors="0" timestamp="2024-12-20T17:35:07 IST" skipped="0">
  <testcase classname="api.test.CityUserTaskValidationTest" name="validateUsersWithMoreThan50PercentCompletedTasks" time="5.112"/>
</testsuite> <!-- api.test.CityUserTaskValidationTest -->
